# JRE version: Java(TM) SE Runtime Environment (8.0_202-b08) (build 1.8.0_202-b08)
# Java VM: Java HotSpot(TM) 64-Bit Server VM (25.202-b08 mixed mode windows-amd64 compressed oops)
Heap:
 PSYoungGen      total 936448K, used 549918K [0x000000076b100000, 0x00000007a7c00000, 0x00000007c0000000)
  eden space 900096K, 61% used [0x000000076b100000,0x000000078c9af9a0,0x00000007a2000000)
  from space 36352K, 0% used [0x00000007a5880000,0x00000007a58d8030,0x00000007a7c00000)
  to   space 47104K, 0% used [0x00000007a2000000,0x00000007a2000000,0x00000007a4e00000)
 ParOldGen       total 253440K, used 155697K [0x00000006c1200000, 0x00000006d0980000, 0x000000076b100000)
  object space 253440K, 61% used [0x00000006c1200000,0x00000006caa0c7c0,0x00000006d0980000)
 Metaspace       used 40034K, capacity 40452K, committed 40576K, reserved 1085440K
  class space    used 4581K, capacity 4720K, committed 4736K, reserved 1048576K
GC Heap History (10 events):
Event: 103.656 GC heap before
{Heap before GC invocations=26 (full 4):
 PSYoungGen      total 458752K, used 412672K [0x000000076b100000, 0x0000000792700000, 0x00000007c0000000)
  eden space 412672K, 100% used [0x000000076b100000,0x0000000784400000,0x0000000784400000)
  from space 46080K, 0% used [0x0000000784400000,0x0000000784400000,0x0000000787100000)
  to   space 49152K, 0% used [0x000000078f700000,0x000000078f700000,0x0000000792700000)
 ParOldGen       total 253440K, used 113036K [0x00000006c1200000, 0x00000006d0980000, 0x000000076b100000)
  object space 253440K, 44% used [0x00000006c1200000,0x00000006c8063160,0x00000006d0980000)
 Metaspace       used 36474K, capacity 36810K, committed 37080K, reserved 1081344K
  class space    used 4234K, capacity 4353K, committed 4480K, reserved 1048576K
Event: 103.667 GC heap after
Heap after GC invocations=26 (full 4):
 PSYoungGen      total 594944K, used 29696K [0x000000076b100000, 0x0000000793900000, 0x00000007c0000000)
  eden space 545792K, 0% used [0x000000076b100000,0x000000076b100000,0x000000078c600000)
  from space 49152K, 60% used [0x000000078f700000,0x00000007914000a0,0x0000000792700000)
  to   space 50176K, 0% used [0x000000078c600000,0x000000078c600000,0x000000078f700000)
 ParOldGen       total 253440K, used 113036K [0x00000006c1200000, 0x00000006d0980000, 0x000000076b100000)
  object space 253440K, 44% used [0x00000006c1200000,0x00000006c8063160,0x00000006d0980000)
 Metaspace       used 36474K, capacity 36810K, committed 37080K, reserved 1081344K
  class space    used 4234K, capacity 4353K, committed 4480K, reserved 1048576K
}
Event: 123.829 GC heap before
{Heap before GC invocations=27 (full 4):
 PSYoungGen      total 594944K, used 575488K [0x000000076b100000, 0x0000000793900000, 0x00000007c0000000)
  eden space 545792K, 100% used [0x000000076b100000,0x000000078c600000,0x000000078c600000)
  from space 49152K, 60% used [0x000000078f700000,0x00000007914000a0,0x0000000792700000)
  to   space 50176K, 0% used [0x000000078c600000,0x000000078c600000,0x000000078f700000)
 ParOldGen       total 253440K, used 113036K [0x00000006c1200000, 0x00000006d0980000, 0x000000076b100000)
  object space 253440K, 44% used [0x00000006c1200000,0x00000006c8063160,0x00000006d0980000)
 Metaspace       used 37843K, capacity 38156K, committed 38528K, reserved 1083392K
  class space    used 4333K, capacity 4428K, committed 4480K, reserved 1048576K
Event: 123.840 GC heap after
Heap after GC invocations=27 (full 4):
 PSYoungGen      total 595968K, used 14618K [0x000000076b100000, 0x000000079e100000, 0x00000007c0000000)
  eden space 545792K, 0% used [0x000000076b100000,0x000000076b100000,0x000000078c600000)
  from space 50176K, 29% used [0x000000078c600000,0x000000078d4468f0,0x000000078f700000)
  to   space 48128K, 0% used [0x000000079b200000,0x000000079b200000,0x000000079e100000)
 ParOldGen       total 253440K, used 141333K [0x00000006c1200000, 0x00000006d0980000, 0x000000076b100000)
  object space 253440K, 55% used [0x00000006c1200000,0x00000006c9c05490,0x00000006d0980000)
 Metaspace       used 37843K, capacity 38156K, committed 38528K, reserved 1083392K
  class space    used 4333K, capacity 4428K, committed 4480K, reserved 1048576K
}
Event: 137.788 GC heap before
{Heap before GC invocations=28 (full 4):
 PSYoungGen      total 595968K, used 560410K [0x000000076b100000, 0x000000079e100000, 0x00000007c0000000)
  eden space 545792K, 100% used [0x000000076b100000,0x000000078c600000,0x000000078c600000)
  from space 50176K, 29% used [0x000000078c600000,0x000000078d4468f0,0x000000078f700000)
  to   space 48128K, 0% used [0x000000079b200000,0x000000079b200000,0x000000079e100000)
 ParOldGen       total 253440K, used 141333K [0x00000006c1200000, 0x00000006d0980000, 0x000000076b100000)
  object space 253440K, 55% used [0x00000006c1200000,0x00000006c9c05490,0x00000006d0980000)
 Metaspace       used 37889K, capacity 38220K, committed 38528K, reserved 1083392K
  class space    used 4334K, capacity 4428K, committed 4480K, reserved 1048576K
Event: 137.792 GC heap after
Heap after GC invocations=28 (full 4):
 PSYoungGen      total 772096K, used 3413K [0x000000076b100000, 0x000000079d900000, 0x00000007c0000000)
  eden space 732160K, 0% used [0x000000076b100000,0x000000076b100000,0x0000000797c00000)
  from space 39936K, 8% used [0x000000079b200000,0x000000079b555460,0x000000079d900000)
  to   space 47616K, 0% used [0x0000000797c00000,0x0000000797c00000,0x000000079aa80000)
 ParOldGen       total 253440K, used 153064K [0x00000006c1200000, 0x00000006d0980000, 0x000000076b100000)
  object space 253440K, 60% used [0x00000006c1200000,0x00000006ca77a280,0x00000006d0980000)
 Metaspace       used 37889K, capacity 38220K, committed 38528K, reserved 1083392K
  class space    used 4334K, capacity 4428K, committed 4480K, reserved 1048576K
}
Event: 158.578 GC heap before
{Heap before GC invocations=29 (full 4):
 PSYoungGen      total 772096K, used 735573K [0x000000076b100000, 0x000000079d900000, 0x00000007c0000000)
  eden space 732160K, 100% used [0x000000076b100000,0x0000000797c00000,0x0000000797c00000)
  from space 39936K, 8% used [0x000000079b200000,0x000000079b555460,0x000000079d900000)
  to   space 47616K, 0% used [0x0000000797c00000,0x0000000797c00000,0x000000079aa80000)
 ParOldGen       total 253440K, used 153064K [0x00000006c1200000, 0x00000006d0980000, 0x000000076b100000)
  object space 253440K, 60% used [0x00000006c1200000,0x00000006ca77a280,0x00000006d0980000)
 Metaspace       used 37931K, capacity 38220K, committed 38528K, reserved 1083392K
  class space    used 4334K, capacity 4428K, committed 4480K, reserved 1048576K
Event: 158.581 GC heap after
Heap after GC invocations=29 (full 4):
 PSYoungGen      total 779776K, used 1994K [0x000000076b100000, 0x00000007a8700000, 0x00000007c0000000)
  eden space 732160K, 0% used [0x000000076b100000,0x000000076b100000,0x0000000797c00000)
  from space 47616K, 4% used [0x0000000797c00000,0x0000000797df2a40,0x000000079aa80000)
  to   space 47616K, 0% used [0x00000007a5880000,0x00000007a5880000,0x00000007a8700000)
 ParOldGen       total 253440K, used 154794K [0x00000006c1200000, 0x00000006d0980000, 0x000000076b100000)
  object space 253440K, 61% used [0x00000006c1200000,0x00000006ca92a838,0x00000006d0980000)
 Metaspace       used 37931K, capacity 38220K, committed 38528K, reserved 1083392K
  class space    used 4334K, capacity 4428K, committed 4480K, reserved 1048576K
}
Event: 232.871 GC heap before
{Heap before GC invocations=30 (full 4):
 PSYoungGen      total 779776K, used 734154K [0x000000076b100000, 0x00000007a8700000, 0x00000007c0000000)
  eden space 732160K, 100% used [0x000000076b100000,0x0000000797c00000,0x0000000797c00000)
  from space 47616K, 4% used [0x0000000797c00000,0x0000000797df2a40,0x000000079aa80000)
  to   space 47616K, 0% used [0x00000007a5880000,0x00000007a5880000,0x00000007a8700000)
 ParOldGen       total 253440K, used 154794K [0x00000006c1200000, 0x00000006d0980000, 0x000000076b100000)
  object space 253440K, 61% used [0x00000006c1200000,0x00000006ca92a838,0x00000006d0980000)
 Metaspace       used 37941K, capacity 38284K, committed 38528K, reserved 1083392K
  class space    used 4334K, capacity 4428K, committed 4480K, reserved 1048576K
Event: 232.873 GC heap after
Heap after GC invocations=30 (full 4):
 PSYoungGen      total 936448K, used 352K [0x000000076b100000, 0x00000007a7c00000, 0x00000007c0000000)
  eden space 900096K, 0% used [0x000000076b100000,0x000000076b100000,0x00000007a2000000)
  from space 36352K, 0% used [0x00000007a5880000,0x00000007a58d8030,0x00000007a7c00000)
  to   space 47104K, 0% used [0x00000007a2000000,0x00000007a2000000,0x00000007a4e00000)
 ParOldGen       total 253440K, used 155697K [0x00000006c1200000, 0x00000006d0980000, 0x000000076b100000)
  object space 253440K, 61% used [0x00000006c1200000,0x00000006caa0c7c0,0x00000006d0980000)
 Metaspace       used 37941K, capacity 38284K, committed 38528K, reserved 1083392K
  class space    used 4334K, capacity 4428K, committed 4480K, reserved 1048576K
}

