# JRE version: Java(TM) SE Runtime Environment (8.0_202-b08) (build 1.8.0_202-b08)
# Java VM: Java HotSpot(TM) 64-Bit Server VM (25.202-b08 mixed mode windows-amd64 compressed oops)
Heap:
 PSYoungGen      total 705024K, used 120396K [0x000000076b100000, 0x0000000799180000, 0x00000007c0000000)
  eden space 662016K, 17% used [0x000000076b100000,0x00000007720ee9c8,0x0000000793780000)
  from space 43008K, 13% used [0x0000000796780000,0x0000000796d246d0,0x0000000799180000)
  to   space 46080K, 0% used [0x0000000793780000,0x0000000793780000,0x0000000796480000)
 ParOldGen       total 237056K, used 145913K [0x00000006c1200000, 0x00000006cf980000, 0x000000076b100000)
  object space 237056K, 61% used [0x00000006c1200000,0x00000006ca07e4d8,0x00000006cf980000)
 Metaspace       used 39897K, capacity 40260K, committed 40576K, reserved 1085440K
  class space    used 4582K, capacity 4720K, committed 4736K, reserved 1048576K
GC Heap History (10 events):
Event: 131.414 GC heap before
{Heap before GC invocations=26 (full 3):
 PSYoungGen      total 414720K, used 414704K [0x000000076b100000, 0x0000000788b00000, 0x00000007c0000000)
  eden space 375296K, 100% used [0x000000076b100000,0x0000000781f80000,0x0000000781f80000)
  from space 39424K, 99% used [0x0000000786480000,0x0000000788afc150,0x0000000788b00000)
  to   space 47104K, 0% used [0x0000000782f00000,0x0000000782f00000,0x0000000785d00000)
 ParOldGen       total 211456K, used 152376K [0x00000006c1200000, 0x00000006ce080000, 0x000000076b100000)
  object space 211456K, 72% used [0x00000006c1200000,0x00000006ca6ce1f0,0x00000006ce080000)
 Metaspace       used 36356K, capacity 36734K, committed 36952K, reserved 1081344K
  class space    used 4232K, capacity 4351K, committed 4352K, reserved 1048576K
Event: 131.434 GC heap after
Heap after GC invocations=26 (full 3):
 PSYoungGen      total 438272K, used 28608K [0x000000076b100000, 0x0000000790800000, 0x00000007c0000000)
  eden space 391168K, 0% used [0x000000076b100000,0x000000076b100000,0x0000000782f00000)
  from space 47104K, 60% used [0x0000000782f00000,0x0000000784af00c0,0x0000000785d00000)
  to   space 47616K, 0% used [0x000000078d980000,0x000000078d980000,0x0000000790800000)
 ParOldGen       total 211456K, used 191873K [0x00000006c1200000, 0x00000006ce080000, 0x000000076b100000)
  object space 211456K, 90% used [0x00000006c1200000,0x00000006ccd60580,0x00000006ce080000)
 Metaspace       used 36356K, capacity 36734K, committed 36952K, reserved 1081344K
  class space    used 4232K, capacity 4351K, committed 4352K, reserved 1048576K
}
Event: 131.434 GC heap before
{Heap before GC invocations=27 (full 4):
 PSYoungGen      total 438272K, used 28608K [0x000000076b100000, 0x0000000790800000, 0x00000007c0000000)
  eden space 391168K, 0% used [0x000000076b100000,0x000000076b100000,0x0000000782f00000)
  from space 47104K, 60% used [0x0000000782f00000,0x0000000784af00c0,0x0000000785d00000)
  to   space 47616K, 0% used [0x000000078d980000,0x000000078d980000,0x0000000790800000)
 ParOldGen       total 211456K, used 191873K [0x00000006c1200000, 0x00000006ce080000, 0x000000076b100000)
  object space 211456K, 90% used [0x00000006c1200000,0x00000006ccd60580,0x00000006ce080000)
 Metaspace       used 36356K, capacity 36734K, committed 36952K, reserved 1081344K
  class space    used 4232K, capacity 4351K, committed 4352K, reserved 1048576K
Event: 131.498 GC heap after
Heap after GC invocations=27 (full 4):
 PSYoungGen      total 438272K, used 0K [0x000000076b100000, 0x0000000790800000, 0x00000007c0000000)
  eden space 391168K, 0% used [0x000000076b100000,0x000000076b100000,0x0000000782f00000)
  from space 47104K, 0% used [0x0000000782f00000,0x0000000782f00000,0x0000000785d00000)
  to   space 47616K, 0% used [0x000000078d980000,0x000000078d980000,0x0000000790800000)
 ParOldGen       total 237056K, used 116076K [0x00000006c1200000, 0x00000006cf980000, 0x000000076b100000)
  object space 237056K, 48% used [0x00000006c1200000,0x00000006c835b138,0x00000006cf980000)
 Metaspace       used 36356K, capacity 36734K, committed 36952K, reserved 1081344K
  class space    used 4232K, capacity 4351K, committed 4352K, reserved 1048576K
}
Event: 131.662 GC heap before
{Heap before GC invocations=28 (full 4):
 PSYoungGen      total 438272K, used 391168K [0x000000076b100000, 0x0000000790800000, 0x00000007c0000000)
  eden space 391168K, 100% used [0x000000076b100000,0x0000000782f00000,0x0000000782f00000)
  from space 47104K, 0% used [0x0000000782f00000,0x0000000782f00000,0x0000000785d00000)
  to   space 47616K, 0% used [0x000000078d980000,0x000000078d980000,0x0000000790800000)
 ParOldGen       total 237056K, used 116076K [0x00000006c1200000, 0x00000006cf980000, 0x000000076b100000)
  object space 237056K, 48% used [0x00000006c1200000,0x00000006c835b138,0x00000006cf980000)
 Metaspace       used 36357K, capacity 36734K, committed 36952K, reserved 1081344K
  class space    used 4232K, capacity 4351K, committed 4352K, reserved 1048576K
Event: 131.672 GC heap after
Heap after GC invocations=28 (full 4):
 PSYoungGen      total 566272K, used 25536K [0x000000076b100000, 0x0000000791d00000, 0x00000007c0000000)
  eden space 518656K, 0% used [0x000000076b100000,0x000000076b100000,0x000000078ab80000)
  from space 47616K, 53% used [0x000000078d980000,0x000000078f2700c0,0x0000000790800000)
  to   space 47104K, 0% used [0x000000078ab80000,0x000000078ab80000,0x000000078d980000)
 ParOldGen       total 237056K, used 116076K [0x00000006c1200000, 0x00000006cf980000, 0x000000076b100000)
  object space 237056K, 48% used [0x00000006c1200000,0x00000006c835b138,0x00000006cf980000)
 Metaspace       used 36357K, capacity 36734K, committed 36952K, reserved 1081344K
  class space    used 4232K, capacity 4351K, committed 4352K, reserved 1048576K
}
Event: 153.532 GC heap before
{Heap before GC invocations=29 (full 4):
 PSYoungGen      total 566272K, used 544192K [0x000000076b100000, 0x0000000791d00000, 0x00000007c0000000)
  eden space 518656K, 100% used [0x000000076b100000,0x000000078ab80000,0x000000078ab80000)
  from space 47616K, 53% used [0x000000078d980000,0x000000078f2700c0,0x0000000790800000)
  to   space 47104K, 0% used [0x000000078ab80000,0x000000078ab80000,0x000000078d980000)
 ParOldGen       total 237056K, used 116076K [0x00000006c1200000, 0x00000006cf980000, 0x000000076b100000)
  object space 237056K, 48% used [0x00000006c1200000,0x00000006c835b138,0x00000006cf980000)
 Metaspace       used 37768K, capacity 38092K, committed 38272K, reserved 1083392K
  class space    used 4332K, capacity 4428K, committed 4480K, reserved 1048576K
Event: 153.540 GC heap after
Heap after GC invocations=29 (full 4):
 PSYoungGen      total 565760K, used 10204K [0x000000076b100000, 0x0000000799480000, 0x00000007c0000000)
  eden space 518656K, 0% used [0x000000076b100000,0x000000076b100000,0x000000078ab80000)
  from space 47104K, 21% used [0x000000078ab80000,0x000000078b577170,0x000000078d980000)
  to   space 46080K, 0% used [0x0000000796780000,0x0000000796780000,0x0000000799480000)
 ParOldGen       total 237056K, used 140296K [0x00000006c1200000, 0x00000006cf980000, 0x000000076b100000)
  object space 237056K, 59% used [0x00000006c1200000,0x00000006c9b023f8,0x00000006cf980000)
 Metaspace       used 37768K, capacity 38092K, committed 38272K, reserved 1083392K
  class space    used 4332K, capacity 4428K, committed 4480K, reserved 1048576K
}
Event: 183.588 GC heap before
{Heap before GC invocations=30 (full 4):
 PSYoungGen      total 565760K, used 528860K [0x000000076b100000, 0x0000000799480000, 0x00000007c0000000)
  eden space 518656K, 100% used [0x000000076b100000,0x000000078ab80000,0x000000078ab80000)
  from space 47104K, 21% used [0x000000078ab80000,0x000000078b577170,0x000000078d980000)
  to   space 46080K, 0% used [0x0000000796780000,0x0000000796780000,0x0000000799480000)
 ParOldGen       total 237056K, used 140296K [0x00000006c1200000, 0x00000006cf980000, 0x000000076b100000)
  object space 237056K, 59% used [0x00000006c1200000,0x00000006c9b023f8,0x00000006cf980000)
 Metaspace       used 37944K, capacity 38322K, committed 38528K, reserved 1083392K
  class space    used 4343K, capacity 4461K, committed 4480K, reserved 1048576K
Event: 183.598 GC heap after
Heap after GC invocations=30 (full 4):
 PSYoungGen      total 705024K, used 5777K [0x000000076b100000, 0x0000000799180000, 0x00000007c0000000)
  eden space 662016K, 0% used [0x000000076b100000,0x000000076b100000,0x0000000793780000)
  from space 43008K, 13% used [0x0000000796780000,0x0000000796d246d0,0x0000000799180000)
  to   space 46080K, 0% used [0x0000000793780000,0x0000000793780000,0x0000000796480000)
 ParOldGen       total 237056K, used 145913K [0x00000006c1200000, 0x00000006cf980000, 0x000000076b100000)
  object space 237056K, 61% used [0x00000006c1200000,0x00000006ca07e4d8,0x00000006cf980000)
 Metaspace       used 37944K, capacity 38322K, committed 38528K, reserved 1083392K
  class space    used 4343K, capacity 4461K, committed 4480K, reserved 1048576K
}

